train counts: {'food': 8000, 'chart': 3388, 'other': 6000}
val counts: {'food': 2000, 'chart': 847, 'other': 1500}
checkpoint_dir: checkpoints/20260513_0944_E4_light_food_aug
train epoch 1 batch 20/272 loss=0.5837 0.43 batch/s
train epoch 1 batch 40/272 loss=0.4380 0.47 batch/s
train epoch 1 batch 60/272 loss=0.3854 0.50 batch/s
train epoch 1 batch 80/272 loss=0.3025 0.51 batch/s
train epoch 1 batch 100/272 loss=0.2922 0.52 batch/s
train epoch 1 batch 120/272 loss=0.2356 0.29 batch/s
train epoch 1 batch 140/272 loss=0.1662 0.30 batch/s
train epoch 1 batch 160/272 loss=0.2380 0.32 batch/s
train epoch 1 batch 180/272 loss=0.1906 0.34 batch/s
train epoch 1 batch 200/272 loss=0.2034 0.35 batch/s
/XYAIFS00/HDD_POOL/pushi_yjliang/pushi_yjliang_1/mx/miniconda3/envs/canteen-a800/lib/python3.11/site-packages/PIL/Image.py:3452: DecompressionBombWarning: Image size (150176104 pixels) exceeds limit of 89478485 pixels, could be decompression bomb DOS attack.
  warnings.warn(
train epoch 1 batch 220/272 loss=0.2070 0.36 batch/s
train epoch 1 batch 240/272 loss=0.1350 0.37 batch/s
train epoch 1 batch 260/272 loss=0.1678 0.38 batch/s

epoch 1/5 train_loss=0.2884 val_loss=0.1656
accuracy: 0.8242
macro_f1: 0.8373
food precision/recall: 0.9993/0.6990
chart precision/recall: 0.9857/0.8135
other recall: 0.9973
other -> food FPR: 0.0007
other -> chart FPR: 0.0020
confusion_matrix rows=true cols=pred [food, chart, other]:
[[1398, 7, 595], [0, 689, 158], [1, 3, 1496]]
train epoch 2 batch 20/272 loss=0.1492 0.54 batch/s
train epoch 2 batch 40/272 loss=0.1861 0.53 batch/s
train epoch 2 batch 60/272 loss=0.0986 0.52 batch/s
train epoch 2 batch 80/272 loss=0.1196 0.54 batch/s
train epoch 2 batch 100/272 loss=0.1469 0.56 batch/s
train epoch 2 batch 120/272 loss=0.1030 0.55 batch/s
train epoch 2 batch 140/272 loss=0.1100 0.56 batch/s
train epoch 2 batch 160/272 loss=0.1409 0.56 batch/s
train epoch 2 batch 180/272 loss=0.1036 0.57 batch/s
train epoch 2 batch 200/272 loss=0.1140 0.56 batch/s
train epoch 2 batch 220/272 loss=0.1164 0.57 batch/s
train epoch 2 batch 240/272 loss=0.1096 0.57 batch/s
train epoch 2 batch 260/272 loss=0.0760 0.57 batch/s

epoch 2/5 train_loss=0.1164 val_loss=0.1128
accuracy: 0.8643
macro_f1: 0.8795
food precision/recall: 0.9973/0.7430
chart precision/recall: 0.9823/0.9185
other recall: 0.9953
other -> food FPR: 0.0027
other -> chart FPR: 0.0020
confusion_matrix rows=true cols=pred [food, chart, other]:
[[1486, 11, 503], [0, 778, 69], [4, 3, 1493]]
train epoch 3 batch 20/272 loss=0.1052 0.47 batch/s
train epoch 3 batch 40/272 loss=0.1021 0.51 batch/s
train epoch 3 batch 60/272 loss=0.0527 0.53 batch/s
train epoch 3 batch 80/272 loss=0.0391 0.54 batch/s
train epoch 3 batch 100/272 loss=0.1302 0.54 batch/s
train epoch 3 batch 120/272 loss=0.1390 0.54 batch/s
train epoch 3 batch 140/272 loss=0.0847 0.55 batch/s
train epoch 3 batch 160/272 loss=0.0774 0.55 batch/s
train epoch 3 batch 180/272 loss=0.0884 0.55 batch/s
train epoch 3 batch 200/272 loss=0.0833 0.55 batch/s
train epoch 3 batch 220/272 loss=0.0979 0.56 batch/s
train epoch 3 batch 240/272 loss=0.0717 0.56 batch/s
train epoch 3 batch 260/272 loss=0.0575 0.56 batch/s

epoch 3/5 train_loss=0.0880 val_loss=0.0896
accuracy: 0.8910
macro_f1: 0.9036
food precision/recall: 0.9969/0.7915
chart precision/recall: 0.9852/0.9421
other recall: 0.9947
other -> food FPR: 0.0033
other -> chart FPR: 0.0020
confusion_matrix rows=true cols=pred [food, chart, other]:
[[1583, 9, 408], [0, 798, 49], [5, 3, 1492]]
train epoch 4 batch 20/272 loss=0.0812 0.52 batch/s
train epoch 4 batch 40/272 loss=0.0661 0.54 batch/s
train epoch 4 batch 60/272 loss=0.1113 0.53 batch/s
train epoch 4 batch 80/272 loss=0.0645 0.56 batch/s
train epoch 4 batch 100/272 loss=0.0366 0.57 batch/s
train epoch 4 batch 120/272 loss=0.0875 0.57 batch/s
train epoch 4 batch 140/272 loss=0.0431 0.57 batch/s
train epoch 4 batch 160/272 loss=0.0717 0.57 batch/s
train epoch 4 batch 180/272 loss=0.0735 0.57 batch/s
train epoch 4 batch 200/272 loss=0.0570 0.57 batch/s
train epoch 4 batch 220/272 loss=0.0795 0.57 batch/s
train epoch 4 batch 240/272 loss=0.0769 0.57 batch/s
train epoch 4 batch 260/272 loss=0.0672 0.57 batch/s

epoch 4/5 train_loss=0.0715 val_loss=0.0824
accuracy: 0.8988
macro_f1: 0.9110
food precision/recall: 0.9969/0.8020
chart precision/recall: 0.9818/0.9575
other recall: 0.9947
other -> food FPR: 0.0033
other -> chart FPR: 0.0020
confusion_matrix rows=true cols=pred [food, chart, other]:
[[1604, 12, 384], [0, 811, 36], [5, 3, 1492]]
train epoch 5 batch 20/272 loss=0.0589 0.51 batch/s
train epoch 5 batch 40/272 loss=0.0555 0.55 batch/s
train epoch 5 batch 60/272 loss=0.0734 0.55 batch/s
train epoch 5 batch 80/272 loss=0.0756 0.55 batch/s
train epoch 5 batch 100/272 loss=0.0541 0.57 batch/s
train epoch 5 batch 120/272 loss=0.0426 0.56 batch/s
train epoch 5 batch 140/272 loss=0.0867 0.56 batch/s
train epoch 5 batch 160/272 loss=0.0516 0.57 batch/s
train epoch 5 batch 180/272 loss=0.0683 0.57 batch/s
train epoch 5 batch 200/272 loss=0.0392 0.58 batch/s
train epoch 5 batch 220/272 loss=0.0638 0.58 batch/s
train epoch 5 batch 240/272 loss=0.0323 0.57 batch/s
train epoch 5 batch 260/272 loss=0.0630 0.57 batch/s

epoch 5/5 train_loss=0.0623 val_loss=0.0731
accuracy: 0.9190
macro_f1: 0.9281
food precision/recall: 0.9965/0.8450
chart precision/recall: 0.9855/0.9599
other recall: 0.9947
other -> food FPR: 0.0040
other -> chart FPR: 0.0013
confusion_matrix rows=true cols=pred [food, chart, other]:
[[1690, 10, 300], [0, 813, 34], [6, 2, 1492]]
