train counts: {'food': 8000, 'chart': 3388, 'other': 6000}
val counts: {'food': 2000, 'chart': 847, 'other': 1500}
checkpoint_dir: checkpoints/20260513_0944_E2_food22_chart21_other21
train epoch 1 batch 20/272 loss=0.5772 0.52 batch/s
train epoch 1 batch 40/272 loss=0.4175 0.52 batch/s
train epoch 1 batch 60/272 loss=0.3612 0.55 batch/s
train epoch 1 batch 80/272 loss=0.2818 0.56 batch/s
train epoch 1 batch 100/272 loss=0.2477 0.57 batch/s
train epoch 1 batch 120/272 loss=0.1985 0.57 batch/s
train epoch 1 batch 140/272 loss=0.1613 0.57 batch/s
train epoch 1 batch 160/272 loss=0.1883 0.57 batch/s
train epoch 1 batch 180/272 loss=0.1661 0.58 batch/s
train epoch 1 batch 200/272 loss=0.1848 0.57 batch/s
/XYAIFS00/HDD_POOL/pushi_yjliang/pushi_yjliang_1/mx/miniconda3/envs/canteen-a800/lib/python3.11/site-packages/PIL/Image.py:3452: DecompressionBombWarning: Image size (150176104 pixels) exceeds limit of 89478485 pixels, could be decompression bomb DOS attack.
  warnings.warn(
train epoch 1 batch 220/272 loss=0.1796 0.57 batch/s
train epoch 1 batch 240/272 loss=0.1253 0.57 batch/s
train epoch 1 batch 260/272 loss=0.1356 0.57 batch/s

epoch 1/5 train_loss=0.2643 val_loss=0.2210
accuracy: 0.7274
macro_f1: 0.7580
food precision/recall: 0.9989/0.4680
chart precision/recall: 0.9838/0.8619
other recall: 0.9973
other -> food FPR: 0.0007
other -> chart FPR: 0.0020
confusion_matrix rows=true cols=pred [food, chart, other]:
[[936, 9, 1055], [0, 730, 117], [1, 3, 1496]]
train epoch 2 batch 20/272 loss=0.1243 0.57 batch/s
train epoch 2 batch 40/272 loss=0.1329 0.54 batch/s
train epoch 2 batch 60/272 loss=0.0754 0.54 batch/s
train epoch 2 batch 80/272 loss=0.1016 0.56 batch/s
train epoch 2 batch 100/272 loss=0.1108 0.57 batch/s
train epoch 2 batch 120/272 loss=0.0949 0.57 batch/s
train epoch 2 batch 140/272 loss=0.0847 0.57 batch/s
train epoch 2 batch 160/272 loss=0.1107 0.57 batch/s
train epoch 2 batch 180/272 loss=0.0720 0.57 batch/s
train epoch 2 batch 200/272 loss=0.0939 0.57 batch/s
train epoch 2 batch 220/272 loss=0.0716 0.57 batch/s
/XYAIFS00/HDD_POOL/pushi_yjliang/pushi_yjliang_1/mx/miniconda3/envs/canteen-a800/lib/python3.11/site-packages/PIL/Image.py:3452: DecompressionBombWarning: Image size (150176104 pixels) exceeds limit of 89478485 pixels, could be decompression bomb DOS attack.
  warnings.warn(
train epoch 2 batch 240/272 loss=0.0744 0.57 batch/s
train epoch 2 batch 260/272 loss=0.0679 0.57 batch/s

epoch 2/5 train_loss=0.0918 val_loss=0.1804
accuracy: 0.7727
macro_f1: 0.8033
food precision/recall: 0.9981/0.5320
chart precision/recall: 0.9792/0.9445
other recall: 0.9967
other -> food FPR: 0.0013
other -> chart FPR: 0.0020
confusion_matrix rows=true cols=pred [food, chart, other]:
[[1064, 14, 922], [0, 800, 47], [2, 3, 1495]]
train epoch 3 batch 20/272 loss=0.0551 0.48 batch/s
train epoch 3 batch 40/272 loss=0.0769 0.51 batch/s
train epoch 3 batch 60/272 loss=0.0358 0.53 batch/s
train epoch 3 batch 80/272 loss=0.0512 0.55 batch/s
train epoch 3 batch 100/272 loss=0.0825 0.54 batch/s
train epoch 3 batch 120/272 loss=0.1252 0.54 batch/s
train epoch 3 batch 140/272 loss=0.0751 0.54 batch/s
train epoch 3 batch 160/272 loss=0.0647 0.54 batch/s
train epoch 3 batch 180/272 loss=0.0602 0.54 batch/s
train epoch 3 batch 200/272 loss=0.0830 0.54 batch/s
train epoch 3 batch 220/272 loss=0.0662 0.54 batch/s
train epoch 3 batch 240/272 loss=0.0295 0.55 batch/s
train epoch 3 batch 260/272 loss=0.0404 0.55 batch/s

epoch 3/5 train_loss=0.0649 val_loss=0.1702
accuracy: 0.7877
macro_f1: 0.8174
food precision/recall: 0.9955/0.5590
chart precision/recall: 0.9784/0.9610
other recall: 0.9947
other -> food FPR: 0.0033
other -> chart FPR: 0.0020
confusion_matrix rows=true cols=pred [food, chart, other]:
[[1118, 15, 867], [0, 814, 33], [5, 3, 1492]]
train epoch 4 batch 20/272 loss=0.0501 0.49 batch/s
train epoch 4 batch 40/272 loss=0.0567 0.52 batch/s
train epoch 4 batch 60/272 loss=0.0832 0.52 batch/s
train epoch 4 batch 80/272 loss=0.0453 0.55 batch/s
train epoch 4 batch 100/272 loss=0.0279 0.54 batch/s
train epoch 4 batch 120/272 loss=0.0720 0.54 batch/s
train epoch 4 batch 140/272 loss=0.0415 0.55 batch/s
/XYAIFS00/HDD_POOL/pushi_yjliang/pushi_yjliang_1/mx/miniconda3/envs/canteen-a800/lib/python3.11/site-packages/PIL/Image.py:3452: DecompressionBombWarning: Image size (150176104 pixels) exceeds limit of 89478485 pixels, could be decompression bomb DOS attack.
  warnings.warn(
train epoch 4 batch 160/272 loss=0.0474 0.55 batch/s
train epoch 4 batch 180/272 loss=0.0365 0.55 batch/s
train epoch 4 batch 200/272 loss=0.0379 0.55 batch/s
train epoch 4 batch 220/272 loss=0.0723 0.55 batch/s
train epoch 4 batch 240/272 loss=0.0623 0.55 batch/s
train epoch 4 batch 260/272 loss=0.0466 0.55 batch/s

epoch 4/5 train_loss=0.0512 val_loss=0.1736
accuracy: 0.7902
macro_f1: 0.8198
food precision/recall: 0.9964/0.5590
chart precision/recall: 0.9740/0.9728
other recall: 0.9953
other -> food FPR: 0.0027
other -> chart FPR: 0.0020
confusion_matrix rows=true cols=pred [food, chart, other]:
[[1118, 19, 863], [0, 824, 23], [4, 3, 1493]]
train epoch 5 batch 20/272 loss=0.0407 0.50 batch/s
train epoch 5 batch 40/272 loss=0.0475 0.52 batch/s
train epoch 5 batch 60/272 loss=0.0621 0.54 batch/s
train epoch 5 batch 80/272 loss=0.0287 0.56 batch/s
train epoch 5 batch 100/272 loss=0.0368 0.56 batch/s
train epoch 5 batch 120/272 loss=0.0188 0.56 batch/s
train epoch 5 batch 140/272 loss=0.0464 0.57 batch/s
train epoch 5 batch 160/272 loss=0.0358 0.57 batch/s
train epoch 5 batch 180/272 loss=0.0578 0.57 batch/s
train epoch 5 batch 200/272 loss=0.0321 0.57 batch/s
train epoch 5 batch 220/272 loss=0.0379 0.57 batch/s
train epoch 5 batch 240/272 loss=0.0365 0.56 batch/s
train epoch 5 batch 260/272 loss=0.0488 0.56 batch/s

epoch 5/5 train_loss=0.0428 val_loss=0.1556
accuracy: 0.8146
macro_f1: 0.8412
food precision/recall: 0.9951/0.6125
chart precision/recall: 0.9740/0.9740
other recall: 0.9940
other -> food FPR: 0.0040
other -> chart FPR: 0.0020
confusion_matrix rows=true cols=pred [food, chart, other]:
[[1225, 19, 756], [0, 825, 22], [6, 3, 1491]]
