train counts: {'food': 8000, 'chart': 3388, 'other': 6000}
val counts: {'food': 2000, 'chart': 847, 'other': 1500}
checkpoint_dir: checkpoints/20260513_075638_head_only
train epoch 1 batch 20/272 loss=0.5665 0.42 batch/s
train epoch 1 batch 40/272 loss=0.4288 0.47 batch/s
train epoch 1 batch 60/272 loss=0.3577 0.51 batch/s
train epoch 1 batch 80/272 loss=0.2772 0.52 batch/s
train epoch 1 batch 100/272 loss=0.2541 0.53 batch/s
train epoch 1 batch 120/272 loss=0.2109 0.54 batch/s
train epoch 1 batch 140/272 loss=0.1417 0.53 batch/s
train epoch 1 batch 160/272 loss=0.2072 0.54 batch/s
train epoch 1 batch 180/272 loss=0.1671 0.54 batch/s
train epoch 1 batch 200/272 loss=0.1785 0.54 batch/s
/XYAIFS00/HDD_POOL/pushi_yjliang/pushi_yjliang_1/mx/miniconda3/envs/canteen-a800/lib/python3.11/site-packages/PIL/Image.py:3452: DecompressionBombWarning: Image size (150176104 pixels) exceeds limit of 89478485 pixels, could be decompression bomb DOS attack.
  warnings.warn(
train epoch 1 batch 220/272 loss=0.1837 0.54 batch/s
train epoch 1 batch 240/272 loss=0.1152 0.54 batch/s
train epoch 1 batch 260/272 loss=0.1317 0.54 batch/s

epoch 1/8 train_loss=0.2649 val_loss=0.2279
accuracy: 0.7062
macro_f1: 0.7373
food precision/recall: 0.9988/0.4285
chart precision/recall: 0.9835/0.8465
other recall: 0.9973
other -> food FPR: 0.0007
other -> chart FPR: 0.0020
confusion_matrix rows=true cols=pred [food, chart, other]:
[[857, 9, 1134], [0, 717, 130], [1, 3, 1496]]
train epoch 2 batch 20/272 loss=0.1093 0.54 batch/s
train epoch 2 batch 40/272 loss=0.1368 0.53 batch/s
train epoch 2 batch 60/272 loss=0.0750 0.52 batch/s
train epoch 2 batch 80/272 loss=0.1002 0.54 batch/s
train epoch 2 batch 100/272 loss=0.1168 0.55 batch/s
train epoch 2 batch 120/272 loss=0.0876 0.55 batch/s
train epoch 2 batch 140/272 loss=0.0780 0.56 batch/s
train epoch 2 batch 160/272 loss=0.0918 0.56 batch/s
train epoch 2 batch 180/272 loss=0.0649 0.57 batch/s
train epoch 2 batch 200/272 loss=0.0885 0.57 batch/s
train epoch 2 batch 220/272 loss=0.0863 0.57 batch/s
train epoch 2 batch 240/272 loss=0.0767 0.57 batch/s
train epoch 2 batch 260/272 loss=0.0628 0.57 batch/s

epoch 2/8 train_loss=0.0913 val_loss=0.1880
accuracy: 0.7610
macro_f1: 0.7924
food precision/recall: 0.9980/0.5090
chart precision/recall: 0.9791/0.9386
other recall: 0.9967
other -> food FPR: 0.0013
other -> chart FPR: 0.0020
confusion_matrix rows=true cols=pred [food, chart, other]:
[[1018, 14, 968], [0, 795, 52], [2, 3, 1495]]
train epoch 3 batch 20/272 loss=0.0567 0.49 batch/s
train epoch 3 batch 40/272 loss=0.0913 0.52 batch/s
train epoch 3 batch 60/272 loss=0.0397 0.54 batch/s
train epoch 3 batch 80/272 loss=0.0397 0.56 batch/s
train epoch 3 batch 100/272 loss=0.0978 0.56 batch/s
train epoch 3 batch 120/272 loss=0.1585 0.56 batch/s
train epoch 3 batch 140/272 loss=0.0886 0.56 batch/s
train epoch 3 batch 160/272 loss=0.0658 0.56 batch/s
train epoch 3 batch 180/272 loss=0.0714 0.56 batch/s
train epoch 3 batch 200/272 loss=0.0460 0.56 batch/s
train epoch 3 batch 220/272 loss=0.0898 0.57 batch/s
train epoch 3 batch 240/272 loss=0.0310 0.57 batch/s
train epoch 3 batch 260/272 loss=0.0381 0.57 batch/s

epoch 3/8 train_loss=0.0654 val_loss=0.1738
accuracy: 0.7794
macro_f1: 0.8098
food precision/recall: 0.9972/0.5430
chart precision/recall: 0.9794/0.9540
other recall: 0.9960
other -> food FPR: 0.0020
other -> chart FPR: 0.0020
confusion_matrix rows=true cols=pred [food, chart, other]:
[[1086, 14, 900], [0, 808, 39], [3, 3, 1494]]
train epoch 4 batch 20/272 loss=0.0515 0.53 batch/s
train epoch 4 batch 40/272 loss=0.0661 0.55 batch/s
train epoch 4 batch 60/272 loss=0.0786 0.54 batch/s
train epoch 4 batch 80/272 loss=0.0392 0.58 batch/s
train epoch 4 batch 100/272 loss=0.0373 0.58 batch/s
train epoch 4 batch 120/272 loss=0.0564 0.58 batch/s
train epoch 4 batch 140/272 loss=0.0281 0.58 batch/s
train epoch 4 batch 160/272 loss=0.0442 0.58 batch/s
train epoch 4 batch 180/272 loss=0.0887 0.58 batch/s
train epoch 4 batch 200/272 loss=0.0437 0.58 batch/s
train epoch 4 batch 220/272 loss=0.0627 0.58 batch/s
train epoch 4 batch 240/272 loss=0.0595 0.58 batch/s
train epoch 4 batch 260/272 loss=0.0684 0.58 batch/s

epoch 4/8 train_loss=0.0518 val_loss=0.1780
accuracy: 0.7828
macro_f1: 0.8133
food precision/recall: 0.9973/0.5440
chart precision/recall: 0.9762/0.9693
other recall: 0.9960
other -> food FPR: 0.0020
other -> chart FPR: 0.0020
confusion_matrix rows=true cols=pred [food, chart, other]:
[[1088, 17, 895], [0, 821, 26], [3, 3, 1494]]
train epoch 5 batch 20/272 loss=0.0448 0.55 batch/s
train epoch 5 batch 40/272 loss=0.0459 0.58 batch/s
train epoch 5 batch 60/272 loss=0.0376 0.60 batch/s
train epoch 5 batch 80/272 loss=0.0334 0.61 batch/s
train epoch 5 batch 100/272 loss=0.0484 0.62 batch/s
train epoch 5 batch 120/272 loss=0.0236 0.62 batch/s
train epoch 5 batch 140/272 loss=0.0667 0.62 batch/s
train epoch 5 batch 160/272 loss=0.0521 0.62 batch/s
train epoch 5 batch 180/272 loss=0.0438 0.62 batch/s
train epoch 5 batch 200/272 loss=0.0350 0.63 batch/s
train epoch 5 batch 220/272 loss=0.0412 0.62 batch/s
train epoch 5 batch 240/272 loss=0.0167 0.62 batch/s
train epoch 5 batch 260/272 loss=0.0508 0.61 batch/s

epoch 5/8 train_loss=0.0431 val_loss=0.1612
accuracy: 0.8063
macro_f1: 0.8343
food precision/recall: 0.9958/0.5950
chart precision/recall: 0.9786/0.9717
other recall: 0.9947
other -> food FPR: 0.0033
other -> chart FPR: 0.0020
confusion_matrix rows=true cols=pred [food, chart, other]:
[[1190, 15, 795], [0, 823, 24], [5, 3, 1492]]
train epoch 6 batch 20/272 loss=0.0114 0.62 batch/s
train epoch 6 batch 40/272 loss=0.0623 0.57 batch/s
train epoch 6 batch 60/272 loss=0.0404 0.59 batch/s
train epoch 6 batch 80/272 loss=0.0218 0.59 batch/s
train epoch 6 batch 100/272 loss=0.0447 0.60 batch/s
train epoch 6 batch 120/272 loss=0.0243 0.61 batch/s
train epoch 6 batch 140/272 loss=0.0714 0.61 batch/s
train epoch 6 batch 160/272 loss=0.0407 0.61 batch/s
train epoch 6 batch 180/272 loss=0.0394 0.60 batch/s
train epoch 6 batch 200/272 loss=0.0686 0.61 batch/s
/XYAIFS00/HDD_POOL/pushi_yjliang/pushi_yjliang_1/mx/miniconda3/envs/canteen-a800/lib/python3.11/site-packages/PIL/Image.py:3452: DecompressionBombWarning: Image size (150176104 pixels) exceeds limit of 89478485 pixels, could be decompression bomb DOS attack.
  warnings.warn(
train epoch 6 batch 220/272 loss=0.0591 0.60 batch/s
train epoch 6 batch 240/272 loss=0.0293 0.60 batch/s
train epoch 6 batch 260/272 loss=0.0271 0.60 batch/s

epoch 6/8 train_loss=0.0414 val_loss=0.1644
accuracy: 0.8031
macro_f1: 0.8315
food precision/recall: 0.9966/0.5860
chart precision/recall: 0.9775/0.9740
other recall: 0.9960
other -> food FPR: 0.0027
other -> chart FPR: 0.0013
confusion_matrix rows=true cols=pred [food, chart, other]:
[[1172, 17, 811], [0, 825, 22], [4, 2, 1494]]
train epoch 7 batch 20/272 loss=0.0266 0.59 batch/s
train epoch 7 batch 40/272 loss=0.0777 0.61 batch/s
train epoch 7 batch 60/272 loss=0.0582 0.60 batch/s
train epoch 7 batch 80/272 loss=0.0231 0.59 batch/s
train epoch 7 batch 100/272 loss=0.0313 0.59 batch/s
train epoch 7 batch 120/272 loss=0.0196 0.60 batch/s
train epoch 7 batch 140/272 loss=0.0224 0.61 batch/s
train epoch 7 batch 160/272 loss=0.0372 0.61 batch/s
train epoch 7 batch 180/272 loss=0.0195 0.61 batch/s
train epoch 7 batch 200/272 loss=0.0909 0.61 batch/s
train epoch 7 batch 220/272 loss=0.0300 0.61 batch/s
train epoch 7 batch 240/272 loss=0.0227 0.61 batch/s
train epoch 7 batch 260/272 loss=0.0202 0.61 batch/s

epoch 7/8 train_loss=0.0361 val_loss=0.1676
accuracy: 0.8068
macro_f1: 0.8346
food precision/recall: 0.9966/0.5925
chart precision/recall: 0.9741/0.9776
other recall: 0.9960
other -> food FPR: 0.0027
other -> chart FPR: 0.0013
confusion_matrix rows=true cols=pred [food, chart, other]:
[[1185, 20, 795], [0, 828, 19], [4, 2, 1494]]
train epoch 8 batch 20/272 loss=0.0455 0.62 batch/s
train epoch 8 batch 40/272 loss=0.0395 0.62 batch/s
train epoch 8 batch 60/272 loss=0.0170 0.62 batch/s
train epoch 8 batch 80/272 loss=0.0326 0.60 batch/s
train epoch 8 batch 100/272 loss=0.0587 0.61 batch/s
train epoch 8 batch 120/272 loss=0.0135 0.61 batch/s
train epoch 8 batch 140/272 loss=0.0171 0.60 batch/s
train epoch 8 batch 160/272 loss=0.0395 0.60 batch/s
train epoch 8 batch 180/272 loss=0.0228 0.60 batch/s
train epoch 8 batch 200/272 loss=0.0814 0.60 batch/s
train epoch 8 batch 220/272 loss=0.0216 0.60 batch/s
train epoch 8 batch 240/272 loss=0.0218 0.60 batch/s
train epoch 8 batch 260/272 loss=0.0220 0.60 batch/s

epoch 8/8 train_loss=0.0311 val_loss=0.1711
accuracy: 0.8058
macro_f1: 0.8338
food precision/recall: 0.9975/0.5885
chart precision/recall: 0.9731/0.9811
other recall: 0.9967
other -> food FPR: 0.0020
other -> chart FPR: 0.0013
confusion_matrix rows=true cols=pred [food, chart, other]:
[[1177, 21, 802], [0, 831, 16], [3, 2, 1495]]
