train counts: {'food': 7248, 'chart': 3386, 'other': 4400}
val counts: {'food': 1812, 'chart': 844, 'other': 1100}
checkpoint_dir: checkpoints/20260513_035849
train epoch 1 batch 20/235 loss=0.5484 0.43 batch/s
train epoch 1 batch 40/235 loss=0.4291 0.43 batch/s
train epoch 1 batch 60/235 loss=0.3109 0.45 batch/s
train epoch 1 batch 80/235 loss=0.2540 0.45 batch/s
train epoch 1 batch 100/235 loss=0.1950 0.45 batch/s
train epoch 1 batch 120/235 loss=0.1660 0.46 batch/s
train epoch 1 batch 140/235 loss=0.1681 0.45 batch/s
train epoch 1 batch 160/235 loss=0.1166 0.46 batch/s
train epoch 1 batch 180/235 loss=0.1068 0.45 batch/s
train epoch 1 batch 200/235 loss=0.0988 0.46 batch/s
train epoch 1 batch 220/235 loss=0.1065 0.45 batch/s

epoch 1/8 train_loss=0.2467 val_loss=0.1691
accuracy: 0.7250
macro_f1: 0.7532
food precision/recall: 0.9989/0.5127
chart precision/recall: 0.9915/0.8270
other recall: 0.9964
other -> food FPR: 0.0009
other -> chart FPR: 0.0027
confusion_matrix rows=true cols=pred [food, chart, other]:
[[929, 3, 880], [0, 698, 146], [1, 3, 1096]]
train epoch 2 batch 20/235 loss=0.1142 0.44 batch/s
train epoch 2 batch 40/235 loss=0.0825 0.45 batch/s
train epoch 2 batch 60/235 loss=0.0658 0.43 batch/s
train epoch 2 batch 80/235 loss=0.0833 0.43 batch/s
train epoch 2 batch 100/235 loss=0.0501 0.43 batch/s
train epoch 2 batch 120/235 loss=0.0677 0.44 batch/s
train epoch 2 batch 140/235 loss=0.0821 0.44 batch/s
train epoch 2 batch 160/235 loss=0.0452 0.44 batch/s
train epoch 2 batch 180/235 loss=0.0375 0.45 batch/s
train epoch 2 batch 200/235 loss=0.0838 0.45 batch/s
train epoch 2 batch 220/235 loss=0.0437 0.45 batch/s

epoch 2/8 train_loss=0.0642 val_loss=0.1202
accuracy: 0.8126
macro_f1: 0.8347
food precision/recall: 0.9983/0.6435
chart precision/recall: 0.9912/0.9384
other recall: 0.9945
other -> food FPR: 0.0018
other -> chart FPR: 0.0036
confusion_matrix rows=true cols=pred [food, chart, other]:
[[1166, 3, 643], [0, 792, 52], [2, 4, 1094]]
train epoch 3 batch 20/235 loss=0.0301 0.39 batch/s
train epoch 3 batch 40/235 loss=0.0286 0.40 batch/s
train epoch 3 batch 60/235 loss=0.0299 0.41 batch/s
train epoch 3 batch 80/235 loss=0.0314 0.41 batch/s
train epoch 3 batch 100/235 loss=0.0265 0.42 batch/s
train epoch 3 batch 120/235 loss=0.0779 0.33 batch/s
train epoch 3 batch 140/235 loss=0.0226 0.34 batch/s
train epoch 3 batch 160/235 loss=0.0254 0.35 batch/s
train epoch 3 batch 180/235 loss=0.0307 0.36 batch/s
train epoch 3 batch 200/235 loss=0.0193 0.36 batch/s
train epoch 3 batch 220/235 loss=0.0303 0.37 batch/s

epoch 3/8 train_loss=0.0399 val_loss=0.0987
accuracy: 0.8480
macro_f1: 0.8658
food precision/recall: 0.9984/0.7064
chart precision/recall: 0.9926/0.9597
other recall: 0.9955
other -> food FPR: 0.0018
other -> chart FPR: 0.0027
confusion_matrix rows=true cols=pred [food, chart, other]:
[[1280, 3, 529], [0, 810, 34], [2, 3, 1095]]
train epoch 4 batch 20/235 loss=0.0294 0.42 batch/s
train epoch 4 batch 40/235 loss=0.0312 0.44 batch/s
train epoch 4 batch 60/235 loss=0.0280 0.44 batch/s
train epoch 4 batch 80/235 loss=0.0442 0.44 batch/s
train epoch 4 batch 100/235 loss=0.0251 0.44 batch/s
train epoch 4 batch 120/235 loss=0.0292 0.44 batch/s
train epoch 4 batch 140/235 loss=0.0353 0.44 batch/s
train epoch 4 batch 160/235 loss=0.0320 0.44 batch/s
train epoch 4 batch 180/235 loss=0.0186 0.44 batch/s
train epoch 4 batch 200/235 loss=0.0140 0.44 batch/s
train epoch 4 batch 220/235 loss=0.0330 0.44 batch/s

epoch 4/8 train_loss=0.0276 val_loss=0.0866
accuracy: 0.8687
macro_f1: 0.8842
food precision/recall: 0.9985/0.7423
chart precision/recall: 0.9928/0.9751
other recall: 0.9955
other -> food FPR: 0.0018
other -> chart FPR: 0.0027
confusion_matrix rows=true cols=pred [food, chart, other]:
[[1345, 3, 464], [0, 823, 21], [2, 3, 1095]]
train epoch 5 batch 20/235 loss=0.0242 0.42 batch/s
train epoch 5 batch 40/235 loss=0.1183 0.42 batch/s
train epoch 5 batch 60/235 loss=0.0199 0.43 batch/s
train epoch 5 batch 80/235 loss=0.0105 0.44 batch/s
train epoch 5 batch 100/235 loss=0.0209 0.44 batch/s
train epoch 5 batch 120/235 loss=0.0263 0.44 batch/s
train epoch 5 batch 140/235 loss=0.0236 0.44 batch/s
train epoch 5 batch 160/235 loss=0.0101 0.44 batch/s
train epoch 5 batch 180/235 loss=0.0448 0.44 batch/s
train epoch 5 batch 200/235 loss=0.0308 0.44 batch/s
train epoch 5 batch 220/235 loss=0.0082 0.44 batch/s

epoch 5/8 train_loss=0.0248 val_loss=0.0838
accuracy: 0.8751
macro_f1: 0.8899
food precision/recall: 0.9985/0.7528
chart precision/recall: 0.9928/0.9810
other recall: 0.9955
other -> food FPR: 0.0018
other -> chart FPR: 0.0027
confusion_matrix rows=true cols=pred [food, chart, other]:
[[1364, 3, 445], [0, 828, 16], [2, 3, 1095]]
train epoch 6 batch 20/235 loss=0.0218 0.43 batch/s
train epoch 6 batch 40/235 loss=0.0854 0.44 batch/s
train epoch 6 batch 60/235 loss=0.0130 0.45 batch/s
train epoch 6 batch 80/235 loss=0.0145 0.45 batch/s
train epoch 6 batch 100/235 loss=0.0131 0.45 batch/s
train epoch 6 batch 120/235 loss=0.0135 0.45 batch/s
train epoch 6 batch 140/235 loss=0.0117 0.45 batch/s
train epoch 6 batch 160/235 loss=0.0222 0.45 batch/s
train epoch 6 batch 180/235 loss=0.0081 0.45 batch/s
train epoch 6 batch 200/235 loss=0.0177 0.45 batch/s
train epoch 6 batch 220/235 loss=0.0299 0.45 batch/s

epoch 6/8 train_loss=0.0223 val_loss=0.0659
accuracy: 0.9020
macro_f1: 0.9126
food precision/recall: 0.9986/0.8079
chart precision/recall: 0.9928/0.9822
other recall: 0.9955
other -> food FPR: 0.0018
other -> chart FPR: 0.0027
confusion_matrix rows=true cols=pred [food, chart, other]:
[[1464, 3, 345], [0, 829, 15], [2, 3, 1095]]
train epoch 7 batch 20/235 loss=0.0310 0.43 batch/s
train epoch 7 batch 40/235 loss=0.0059 0.41 batch/s
train epoch 7 batch 60/235 loss=0.0311 0.42 batch/s
train epoch 7 batch 80/235 loss=0.0214 0.43 batch/s
train epoch 7 batch 100/235 loss=0.0074 0.43 batch/s
train epoch 7 batch 120/235 loss=0.0241 0.44 batch/s
train epoch 7 batch 140/235 loss=0.0064 0.44 batch/s
train epoch 7 batch 160/235 loss=0.0622 0.44 batch/s
train epoch 7 batch 180/235 loss=0.0198 0.44 batch/s
train epoch 7 batch 200/235 loss=0.0063 0.44 batch/s
train epoch 7 batch 220/235 loss=0.0218 0.44 batch/s

epoch 7/8 train_loss=0.0181 val_loss=0.0635
accuracy: 0.9076
macro_f1: 0.9176
food precision/recall: 0.9987/0.8179
chart precision/recall: 0.9940/0.9846
other recall: 0.9964
other -> food FPR: 0.0018
other -> chart FPR: 0.0018
confusion_matrix rows=true cols=pred [food, chart, other]:
[[1482, 3, 327], [0, 831, 13], [2, 2, 1096]]
train epoch 8 batch 20/235 loss=0.0063 0.41 batch/s
train epoch 8 batch 40/235 loss=0.0127 0.44 batch/s
train epoch 8 batch 60/235 loss=0.0188 0.44 batch/s
train epoch 8 batch 80/235 loss=0.0039 0.44 batch/s
train epoch 8 batch 100/235 loss=0.0087 0.44 batch/s
train epoch 8 batch 120/235 loss=0.0098 0.44 batch/s
train epoch 8 batch 140/235 loss=0.0049 0.44 batch/s
train epoch 8 batch 160/235 loss=0.0122 0.44 batch/s
train epoch 8 batch 180/235 loss=0.0129 0.44 batch/s
train epoch 8 batch 200/235 loss=0.0126 0.44 batch/s
train epoch 8 batch 220/235 loss=0.0054 0.44 batch/s

epoch 8/8 train_loss=0.0159 val_loss=0.0600
accuracy: 0.9113
macro_f1: 0.9207
food precision/recall: 0.9987/0.8262
chart precision/recall: 0.9940/0.9834
other recall: 0.9964
other -> food FPR: 0.0018
other -> chart FPR: 0.0018
confusion_matrix rows=true cols=pred [food, chart, other]:
[[1497, 3, 312], [0, 830, 14], [2, 2, 1096]]
